2026-07-02 20:22:35,338 - MangaScraper - INFO - Initialized ScraperManager with 4 scrapers.
2026-07-02 20:22:37,679 - MangaScraper - ERROR - Attempt 1 failed for https://api.mangadex.org/manga: 400, message='Bad Request', url='https://api.mangadex.org/manga?title=Return+of+the+Mount+Hua+Sect&limit=10'
2026-07-02 20:22:38,277 - MangaScraper - ERROR - Attempt 1 failed for https://gmanga.me/api/mangas/search: 403, message='Forbidden', url='https://gmanga.me/api/mangas/search?title=Return+of+the+Mount+Hua+Sect'
2026-07-02 20:22:39,271 - MangaScraper - ERROR - Attempt 2 failed for https://api.mangadex.org/manga: 400, message='Bad Request', url='https://api.mangadex.org/manga?title=Return+of+the+Mount+Hua+Sect&limit=10'
2026-07-02 20:22:39,439 - MangaScraper - ERROR - Attempt 1 failed for https://mangaarab.com/?s=Return of the Mount Hua Sect&post_type=wp-manga: Cannot connect to host mangaarab.com:443 ssl:default [None]
2026-07-02 20:22:41,581 - MangaScraper - ERROR - Attempt 2 failed for https://gmanga.me/api/mangas/search: 403, message='Forbidden', url='https://gmanga.me/api/mangas/search?title=Return+of+the+Mount+Hua+Sect'
2026-07-02 20:22:41,865 - MangaScraper - ERROR - Attempt 3 failed for https://api.mangadex.org/manga: 400, message='Bad Request', url='https://api.mangadex.org/manga?title=Return+of+the+Mount+Hua+Sect&limit=10'
2026-07-02 20:22:45,549 - MangaScraper - ERROR - Attempt 2 failed for https://mangaarab.com/?s=Return of the Mount Hua Sect&post_type=wp-manga: Cannot connect to host mangaarab.com:443 ssl:default [None]
2026-07-02 20:22:45,641 - MangaScraper - ERROR - Attempt 3 failed for https://gmanga.me/api/mangas/search: 403, message='Forbidden', url='https://gmanga.me/api/mangas/search?title=Return+of+the+Mount+Hua+Sect'
2026-07-02 20:23:00,984 - MangaScraper - ERROR - Attempt 3 failed for https://mangaarab.com/?s=Return of the Mount Hua Sect&post_type=wp-manga: Cannot connect to host mangaarab.com:443 ssl:default [None]
2026-07-02 20:23:00,984 - MangaScraper - INFO - Found 0 results for query: Return of the Mount Hua Sect
2026-07-02 20:23:00,985 - MangaScraper - INFO - All scrapers closed.
2026-07-02 20:23:24,523 - MangaScraper - INFO - Initialized ScraperManager with 4 scrapers.
2026-07-02 20:23:25,051 - MangaScraper - ERROR - Attempt 1 failed for https://gmanga.me/api/mangas/search using cloudscraper: 403 Client Error: Forbidden for url: https://gmanga.me/api/mangas/search?title=Return+of+the+Mount+Hua+Sect
2026-07-02 20:23:26,187 - MangaScraper - ERROR - Attempt 2 failed for https://gmanga.me/api/mangas/search using cloudscraper: 403 Client Error: Forbidden for url: https://gmanga.me/api/mangas/search?title=Return+of+the+Mount+Hua+Sect
2026-07-02 20:23:27,437 - MangaScraper - ERROR - Attempt 1 failed for https://api.mangadex.org/manga: 400, message='Bad Request', url='https://api.mangadex.org/manga?title=Return+of+the+Mount+Hua+Sect&limit=10'
2026-07-02 20:23:28,306 - MangaScraper - ERROR - Attempt 3 failed for https://gmanga.me/api/mangas/search using cloudscraper: 403 Client Error: Forbidden for url: https://gmanga.me/api/mangas/search?title=Return+of+the+Mount+Hua+Sect
2026-07-02 20:23:29,051 - MangaScraper - ERROR - Attempt 2 failed for https://api.mangadex.org/manga: 400, message='Bad Request', url='https://api.mangadex.org/manga?title=Return+of+the+Mount+Hua+Sect&limit=10'
2026-07-02 20:23:29,451 - MangaScraper - ERROR - Attempt 1 failed for https://mangaarab.com/?s=Return of the Mount Hua Sect&post_type=wp-manga: Cannot connect to host mangaarab.com:443 ssl:default [None]
2026-07-02 20:23:31,669 - MangaScraper - ERROR - Attempt 3 failed for https://api.mangadex.org/manga: 400, message='Bad Request', url='https://api.mangadex.org/manga?title=Return+of+the+Mount+Hua+Sect&limit=10'
2026-07-02 20:23:38,975 - MangaScraper - ERROR - Attempt 2 failed for https://mangaarab.com/?s=Return of the Mount Hua Sect&post_type=wp-manga: Cannot connect to host mangaarab.com:443 ssl:default [None]
2026-07-02 20:23:50,733 - MangaScraper - ERROR - Attempt 3 failed for https://mangaarab.com/?s=Return of the Mount Hua Sect&post_type=wp-manga: Cannot connect to host mangaarab.com:443 ssl:default [None]
2026-07-02 20:23:50,733 - MangaScraper - INFO - Found 0 results for query: Return of the Mount Hua Sect
2026-07-02 20:23:50,733 - MangaScraper - INFO - All scrapers closed.
2026-07-02 20:24:04,282 - MangaScraper - INFO - Initialized ScraperManager with 4 scrapers.
2026-07-02 20:24:06,483 - MangaScraper - ERROR - Attempt 1 failed for https://gmanga.me/api/mangas/search using cloudscraper: 403 Client Error: Forbidden for url: https://gmanga.me/api/mangas/search?title=solo+leveling
2026-07-02 20:24:06,948 - MangaScraper - ERROR - Attempt 1 failed for https://api.mangadex.org/manga: 400, message='Bad Request', url='https://api.mangadex.org/manga?title=solo+leveling&limit=10&includes%5B%5D=cover_art&contentRating%5B%5D=safe&contentRating%5B%5D=suggestive&contentRating%5B%5D=erotica'
2026-07-02 20:24:08,111 - MangaScraper - ERROR - Attempt 2 failed for https://gmanga.me/api/mangas/search using cloudscraper: 403 Client Error: Forbidden for url: https://gmanga.me/api/mangas/search?title=solo+leveling
2026-07-02 20:24:08,914 - MangaScraper - ERROR - Attempt 2 failed for https://api.mangadex.org/manga: 400, message='Bad Request', url='https://api.mangadex.org/manga?title=solo+leveling&limit=10&includes%5B%5D=cover_art&contentRating%5B%5D=safe&contentRating%5B%5D=suggestive&contentRating%5B%5D=erotica'
2026-07-02 20:24:10,725 - MangaScraper - ERROR - Attempt 3 failed for https://gmanga.me/api/mangas/search using cloudscraper: 403 Client Error: Forbidden for url: https://gmanga.me/api/mangas/search?title=solo+leveling
2026-07-02 20:24:11,644 - MangaScraper - ERROR - Attempt 3 failed for https://api.mangadex.org/manga: 400, message='Bad Request', url='https://api.mangadex.org/manga?title=solo+leveling&limit=10&includes%5B%5D=cover_art&contentRating%5B%5D=safe&contentRating%5B%5D=suggestive&contentRating%5B%5D=erotica'
2026-07-02 20:24:16,084 - MangaScraper - ERROR - Attempt 1 failed for https://mangaarab.com/?s=solo%20leveling&post_type=wp-manga: Cannot connect to host mangaarab.com:443 ssl:default [None]
2026-07-02 20:24:29,312 - MangaScraper - ERROR - Attempt 2 failed for https://mangaarab.com/?s=solo%20leveling&post_type=wp-manga: Cannot connect to host mangaarab.com:443 ssl:default [None]
2026-07-02 20:24:42,559 - MangaScraper - ERROR - Attempt 3 failed for https://mangaarab.com/?s=solo%20leveling&post_type=wp-manga: Cannot connect to host mangaarab.com:443 ssl:default [None]
2026-07-02 20:24:42,559 - MangaScraper - INFO - Found 0 results for query: solo leveling
2026-07-02 20:24:42,560 - MangaScraper - INFO - All scrapers closed.
2026-07-03 11:32:53,286 - MangaScraper - INFO - Initialized ScraperManager with 8 scrapers.
2026-07-03 11:32:53,286 - MangaScraper - INFO - [Bridge] Searching for: Solo Leveling
2026-07-03 11:32:53,297 - MangaScraper - ERROR - Attempt 1 failed for https://teamx.org/?s=Solo%20Leveling&post_type=wp-manga: Cannot connect to host teamx.org:443 ssl:default [No address associated with hostname]
2026-07-03 11:32:54,310 - MangaScraper - ERROR - Attempt 2 failed for https://teamx.org/?s=Solo%20Leveling&post_type=wp-manga: Cannot connect to host teamx.org:443 ssl:default [No address associated with hostname]
2026-07-03 11:32:56,322 - MangaScraper - ERROR - Attempt 3 failed for https://teamx.org/?s=Solo%20Leveling&post_type=wp-manga: Cannot connect to host teamx.org:443 ssl:default [No address associated with hostname]
2026-07-03 11:32:59,292 - MangaScraper - ERROR - Attempt 1 failed for https://gmanga.me/api/mangas/search: 403, message='Forbidden', url='https://gmanga.me/api/mangas/search?title=Solo+Leveling'
2026-07-03 11:32:59,329 - MangaScraper - ERROR - Attempt 1 failed for https://api.mangadex.org/manga: 400, message='Bad Request', url='https://api.mangadex.org/manga?title=Solo+Leveling&limit=10'
2026-07-03 11:33:00,161 - MangaScraper - ERROR - Attempt 1 failed for https://mangalek.com/?s=Solo%20Leveling&post_type=wp-manga: 404, message='Not Found', url='https://mangalek.com/?s=Solo%20Leveling&post_type=wp-manga'
2026-07-03 11:33:02,740 - MangaScraper - ERROR - Attempt 2 failed for https://api.mangadex.org/manga: 400, message='Bad Request', url='https://api.mangadex.org/manga?title=Solo+Leveling&limit=10'
2026-07-03 11:33:02,796 - MangaScraper - ERROR - Attempt 1 failed for https://mangaarab.com/?s=Solo%20Leveling&post_type=wp-manga: Cannot connect to host mangaarab.com:443 ssl:default [None]
2026-07-03 11:33:03,535 - MangaScraper - ERROR - Attempt 2 failed for https://mangalek.com/?s=Solo%20Leveling&post_type=wp-manga: 404, message='Not Found', url='https://mangalek.com/?s=Solo%20Leveling&post_type=wp-manga'
2026-07-03 11:33:06,567 - MangaScraper - ERROR - Attempt 2 failed for https://gmanga.me/api/mangas/search: 403, message='Forbidden', url='https://gmanga.me/api/mangas/search?title=Solo+Leveling'
2026-07-03 11:33:10,060 - MangaScraper - ERROR - Attempt 3 failed for https://api.mangadex.org/manga: 400, message='Bad Request', url='https://api.mangadex.org/manga?title=Solo+Leveling&limit=10'
2026-07-03 11:33:11,754 - MangaScraper - ERROR - Attempt 3 failed for https://mangalek.com/?s=Solo%20Leveling&post_type=wp-manga: 404, message='Not Found', url='https://mangalek.com/?s=Solo%20Leveling&post_type=wp-manga'
2026-07-03 11:33:14,990 - MangaScraper - ERROR - Attempt 3 failed for https://gmanga.me/api/mangas/search: 403, message='Forbidden', url='https://gmanga.me/api/mangas/search?title=Solo+Leveling'
2026-07-03 11:33:16,161 - MangaScraper - ERROR - Attempt 2 failed for https://mangaarab.com/?s=Solo%20Leveling&post_type=wp-manga: Cannot connect to host mangaarab.com:443 ssl:default [None]
2026-07-03 11:33:22,987 - MangaScraper - ERROR - Attempt 3 failed for https://mangaarab.com/?s=Solo%20Leveling&post_type=wp-manga: Cannot connect to host mangaarab.com:443 ssl:default [None]
2026-07-03 11:33:22,987 - MangaScraper - INFO - Found 0 results for query: Solo Leveling
2026-07-03 11:33:22,987 - MangaScraper - INFO - [Bridge] No results found for: Solo Leveling
2026-07-03 11:33:22,988 - MangaScraper - INFO - All scrapers closed.
2026-07-03 11:39:09,804 - MangaScraper - ERROR - Attempt 1 failed for https://api.mangadex.org/manga: 400, message='Bad Request', url='https://api.mangadex.org/manga?title=Solo+Leveling&limit=10'
2026-07-03 11:39:17,091 - MangaScraper - ERROR - Attempt 2 failed for https://api.mangadex.org/manga: 400, message='Bad Request', url='https://api.mangadex.org/manga?title=Solo+Leveling&limit=10'
2026-07-03 11:39:46,198 - MangaScraper - ERROR - Attempt 1 failed for https://api.mangadex.org/manga: 400, message='Bad Request', url='https://api.mangadex.org/manga?title=Solo+Leveling&limit=10&includes%5B%5D=cover_art'
2026-07-03 11:39:48,322 - MangaScraper - ERROR - Attempt 2 failed for https://api.mangadex.org/manga: 400, message='Bad Request', url='https://api.mangadex.org/manga?title=Solo+Leveling&limit=10&includes%5B%5D=cover_art'
2026-07-03 11:39:49,381 - MangaScraper - ERROR - Attempt 3 failed for https://api.mangadex.org/manga: 
2026-07-03 11:39:53,674 - MangaScraper - ERROR - Attempt 1 failed for https://lek-manga.net/?s=Solo%20Leveling&post_type=wp-manga using cloudscraper: 403 Client Error: Forbidden for url: https://lek-manga.net/?s=Solo%20Leveling&post_type=wp-manga
2026-07-03 11:39:56,252 - MangaScraper - ERROR - Attempt 3 failed for https://api.mangadex.org/manga: 400, message='Bad Request', url='https://api.mangadex.org/manga?title=Solo+Leveling&limit=10&includes%5B%5D=cover_art'
2026-07-03 11:40:03,288 - MangaScraper - ERROR - Attempt 2 failed for https://lek-manga.net/?s=Solo%20Leveling&post_type=wp-manga using cloudscraper: 403 Client Error: Forbidden for url: https://lek-manga.net/?s=Solo%20Leveling&post_type=wp-manga
2026-07-03 11:40:05,590 - MangaScraper - ERROR - Attempt 1 failed for https://lek-manga.net/?s=Solo%20Leveling&post_type=wp-manga using cloudscraper: 403 Client Error: Forbidden for url: https://lek-manga.net/?s=Solo%20Leveling&post_type=wp-manga
2026-07-03 11:40:14,497 - MangaScraper - ERROR - Attempt 3 failed for https://lek-manga.net/?s=Solo%20Leveling&post_type=wp-manga using cloudscraper: 403 Client Error: Forbidden for url: https://lek-manga.net/?s=Solo%20Leveling&post_type=wp-manga
2026-07-03 11:40:17,966 - MangaScraper - ERROR - Attempt 2 failed for https://lek-manga.net/?s=Solo%20Leveling&post_type=wp-manga using cloudscraper: 403 Client Error: Forbidden for url: https://lek-manga.net/?s=Solo%20Leveling&post_type=wp-manga
2026-07-03 11:40:27,703 - MangaScraper - ERROR - Attempt 3 failed for https://lek-manga.net/?s=Solo%20Leveling&post_type=wp-manga using cloudscraper: 403 Client Error: Forbidden for url: https://lek-manga.net/?s=Solo%20Leveling&post_type=wp-manga
2026-07-03 11:41:48,008 - MangaScraper - ERROR - Attempt 1 failed for https://api.mangadex.org/manga: 400, message='Bad Request', url='https://api.mangadex.org/manga?title=Solo+Leveling&limit=10&includes%5B%5D=cover_art'
2026-07-03 11:41:50,027 - MangaScraper - ERROR - Attempt 2 failed for https://api.mangadex.org/manga: 400, message='Bad Request', url='https://api.mangadex.org/manga?title=Solo+Leveling&limit=10&includes%5B%5D=cover_art'
2026-07-03 11:42:22,386 - MangaScraper - ERROR - Attempt 3 failed for https://api.mangadex.org/manga: 
2026-07-03 11:42:24,730 - MangaScraper - ERROR - Attempt 1 failed for https://api.mangadex.org/manga: 400, message='Bad Request', url='https://api.mangadex.org/manga?title=Solo+Leveling&limit=10&includes=cover_art'
2026-07-03 11:42:25,473 - MangaScraper - ERROR - Attempt 1 failed for https://lek-manga.net/?s=Solo%20Leveling&post_type=wp-manga using cloudscraper: 403 Client Error: Forbidden for url: https://lek-manga.net/?s=Solo%20Leveling&post_type=wp-manga
2026-07-03 11:42:26,509 - MangaScraper - ERROR - Attempt 2 failed for https://api.mangadex.org/manga: 400, message='Bad Request', url='https://api.mangadex.org/manga?title=Solo+Leveling&limit=10&includes=cover_art'
2026-07-03 11:42:29,854 - MangaScraper - ERROR - Attempt 3 failed for https://api.mangadex.org/manga: 400, message='Bad Request', url='https://api.mangadex.org/manga?title=Solo+Leveling&limit=10&includes=cover_art'
2026-07-03 11:42:30,170 - MangaScraper - ERROR - Attempt 2 failed for https://lek-manga.net/?s=Solo%20Leveling&post_type=wp-manga using cloudscraper: 403 Client Error: Forbidden for url: https://lek-manga.net/?s=Solo%20Leveling&post_type=wp-manga
2026-07-03 11:42:32,423 - MangaScraper - ERROR - Attempt 1 failed for https://lek-manga.net/?s=Solo%20Leveling&post_type=wp-manga using cloudscraper: 403 Client Error: Forbidden for url: https://lek-manga.net/?s=Solo%20Leveling&post_type=wp-manga
2026-07-03 11:42:36,039 - MangaScraper - ERROR - Attempt 3 failed for https://lek-manga.net/?s=Solo%20Leveling&post_type=wp-manga using cloudscraper: 403 Client Error: Forbidden for url: https://lek-manga.net/?s=Solo%20Leveling&post_type=wp-manga
2026-07-03 11:42:37,790 - MangaScraper - ERROR - Attempt 2 failed for https://lek-manga.net/?s=Solo%20Leveling&post_type=wp-manga using cloudscraper: 403 Client Error: Forbidden for url: https://lek-manga.net/?s=Solo%20Leveling&post_type=wp-manga
2026-07-03 11:42:45,352 - MangaScraper - ERROR - Attempt 3 failed for https://lek-manga.net/?s=Solo%20Leveling&post_type=wp-manga using cloudscraper: 403 Client Error: Forbidden for url: https://lek-manga.net/?s=Solo%20Leveling&post_type=wp-manga
2026-07-03 11:43:09,178 - MangaScraper - ERROR - Attempt 1 failed for https://api.mangadex.org/manga: 400, message='Bad Request', url='https://api.mangadex.org/manga?title=Solo+Leveling&limit=10'
2026-07-03 11:43:11,574 - MangaScraper - ERROR - Attempt 2 failed for https://api.mangadex.org/manga: 400, message='Bad Request', url='https://api.mangadex.org/manga?title=Solo+Leveling&limit=10'
2026-07-03 11:43:19,054 - MangaScraper - ERROR - Attempt 3 failed for https://api.mangadex.org/manga: 400, message='Bad Request', url='https://api.mangadex.org/manga?title=Solo+Leveling&limit=10'
2026-07-03 11:43:22,844 - MangaScraper - ERROR - Attempt 1 failed for https://lek-manga.net/?s=Solo%20Leveling&post_type=wp-manga using cloudscraper: 403 Client Error: Forbidden for url: https://lek-manga.net/?s=Solo%20Leveling&post_type=wp-manga
2026-07-03 11:43:27,042 - MangaScraper - ERROR - Attempt 2 failed for https://lek-manga.net/?s=Solo%20Leveling&post_type=wp-manga using cloudscraper: 403 Client Error: Forbidden for url: https://lek-manga.net/?s=Solo%20Leveling&post_type=wp-manga
2026-07-03 11:43:33,267 - MangaScraper - ERROR - Attempt 3 failed for https://lek-manga.net/?s=Solo%20Leveling&post_type=wp-manga using cloudscraper: 403 Client Error: Forbidden for url: https://lek-manga.net/?s=Solo%20Leveling&post_type=wp-manga
2026-07-03 11:43:53,315 - MangaScraper - ERROR - Attempt 1 failed for https://api.mangadex.org/manga: 400, message='Bad Request', url='https://api.mangadex.org/manga?title=Solo+Leveling&limit=10'
2026-07-03 11:43:55,003 - MangaScraper - ERROR - Attempt 2 failed for https://api.mangadex.org/manga: 400, message='Bad Request', url='https://api.mangadex.org/manga?title=Solo+Leveling&limit=10'
2026-07-03 11:43:57,772 - MangaScraper - ERROR - Attempt 3 failed for https://api.mangadex.org/manga: 400, message='Bad Request', url='https://api.mangadex.org/manga?title=Solo+Leveling&limit=10'
2026-07-03 11:44:02,135 - MangaScraper - ERROR - Attempt 1 failed for https://lek-manga.net/?s=Solo%20Leveling&post_type=wp-manga using cloudscraper: 403 Client Error: Forbidden for url: https://lek-manga.net/?s=Solo%20Leveling&post_type=wp-manga
2026-07-03 11:44:05,577 - MangaScraper - ERROR - Attempt 2 failed for https://lek-manga.net/?s=Solo%20Leveling&post_type=wp-manga using cloudscraper: 403 Client Error: Forbidden for url: https://lek-manga.net/?s=Solo%20Leveling&post_type=wp-manga
2026-07-03 11:44:10,237 - MangaScraper - ERROR - Attempt 3 failed for https://lek-manga.net/?s=Solo%20Leveling&post_type=wp-manga using cloudscraper: 403 Client Error: Forbidden for url: https://lek-manga.net/?s=Solo%20Leveling&post_type=wp-manga
2026-07-03 11:45:05,376 - MangaScraper - ERROR - Attempt 1 failed for https://api.mangadex.org/manga: 
2026-07-03 11:45:37,369 - MangaScraper - ERROR - Attempt 2 failed for https://api.mangadex.org/manga: 
2026-07-03 11:45:40,389 - MangaScraper - ERROR - Attempt 1 failed for https://api.mangadex.org/manga: 
2026-07-03 11:45:42,203 - MangaScraper - ERROR - Attempt 3 failed for https://api.mangadex.org/manga: 400, message='Bad Request', url='https://api.mangadex.org/manga?title=Solo+Leveling&limit=10'
2026-07-03 11:45:44,457 - MangaScraper - ERROR - Attempt 2 failed for https://api.mangadex.org/manga: 400, message='Bad Request', url='https://api.mangadex.org/manga?title=Solo+Leveling'
2026-07-03 11:45:45,044 - MangaScraper - ERROR - Attempt 1 failed for https://lek-manga.net/?s=Solo%20Leveling&post_type=wp-manga using cloudscraper: 403 Client Error: Forbidden for url: https://lek-manga.net/?s=Solo%20Leveling&post_type=wp-manga
2026-07-03 11:45:49,078 - MangaScraper - ERROR - Attempt 2 failed for https://lek-manga.net/?s=Solo%20Leveling&post_type=wp-manga using cloudscraper: 403 Client Error: Forbidden for url: https://lek-manga.net/?s=Solo%20Leveling&post_type=wp-manga
2026-07-03 11:45:50,137 - MangaScraper - ERROR - Attempt 3 failed for https://api.mangadex.org/manga: 400, message='Bad Request', url='https://api.mangadex.org/manga?title=Solo+Leveling'
2026-07-03 11:45:51,259 - MangaScraper - INFO - Fetching (aiohttp): https://api.mangadex.org/manga with kwargs {'params': {'title': 'Solo Leveling'}}
2026-07-03 11:45:53,380 - MangaScraper - ERROR - Attempt 1 failed for https://lek-manga.net/?s=Solo%20Leveling&post_type=wp-manga using cloudscraper: 403 Client Error: Forbidden for url: https://lek-manga.net/?s=Solo%20Leveling&post_type=wp-manga
2026-07-03 11:45:53,689 - MangaScraper - ERROR - Attempt 3 failed for https://lek-manga.net/?s=Solo%20Leveling&post_type=wp-manga using cloudscraper: 403 Client Error: Forbidden for url: https://lek-manga.net/?s=Solo%20Leveling&post_type=wp-manga
2026-07-03 11:45:54,588 - MangaScraper - ERROR - Attempt 1 failed for https://api.mangadex.org/manga: 400, message='Bad Request', url='https://api.mangadex.org/manga?title=Solo+Leveling'
2026-07-03 11:45:55,590 - MangaScraper - INFO - Fetching (aiohttp): https://api.mangadex.org/manga with kwargs {'params': {'title': 'Solo Leveling'}}
2026-07-03 11:45:56,567 - MangaScraper - ERROR - Attempt 2 failed for https://api.mangadex.org/manga: 400, message='Bad Request', url='https://api.mangadex.org/manga?title=Solo+Leveling'
2026-07-03 11:45:56,883 - MangaScraper - ERROR - Attempt 2 failed for https://lek-manga.net/?s=Solo%20Leveling&post_type=wp-manga using cloudscraper: 403 Client Error: Forbidden for url: https://lek-manga.net/?s=Solo%20Leveling&post_type=wp-manga
2026-07-03 11:45:58,570 - MangaScraper - INFO - Fetching (aiohttp): https://api.mangadex.org/manga with kwargs {'params': {'title': 'Solo Leveling'}}
2026-07-03 11:45:59,374 - MangaScraper - ERROR - Attempt 3 failed for https://api.mangadex.org/manga: 400, message='Bad Request', url='https://api.mangadex.org/manga?title=Solo+Leveling'
2026-07-03 11:46:01,193 - MangaScraper - ERROR - Attempt 3 failed for https://lek-manga.net/?s=Solo%20Leveling&post_type=wp-manga using cloudscraper: 403 Client Error: Forbidden for url: https://lek-manga.net/?s=Solo%20Leveling&post_type=wp-manga
2026-07-03 11:46:01,784 - MangaScraper - ERROR - Attempt 1 failed for https://lek-manga.net/?s=Solo%20Leveling&post_type=wp-manga using cloudscraper: 403 Client Error: Forbidden for url: https://lek-manga.net/?s=Solo%20Leveling&post_type=wp-manga
2026-07-03 11:46:04,861 - MangaScraper - ERROR - Attempt 2 failed for https://lek-manga.net/?s=Solo%20Leveling&post_type=wp-manga using cloudscraper: 403 Client Error: Forbidden for url: https://lek-manga.net/?s=Solo%20Leveling&post_type=wp-manga
2026-07-03 11:46:09,209 - MangaScraper - ERROR - Attempt 3 failed for https://lek-manga.net/?s=Solo%20Leveling&post_type=wp-manga using cloudscraper: 403 Client Error: Forbidden for url: https://lek-manga.net/?s=Solo%20Leveling&post_type=wp-manga
2026-07-03 11:46:45,604 - MangaScraper - INFO - Fetching JSON: https://api.mangadex.org/manga with params {'title': 'Solo Leveling'}
2026-07-03 11:46:48,307 - MangaScraper - ERROR - Attempt 1 failed for https://api.mangadex.org/manga using cloudscraper: 400 Client Error: Bad Request for url: https://api.mangadex.org/manga?title=Solo+Leveling
2026-07-03 11:46:49,309 - MangaScraper - INFO - Fetching JSON: https://api.mangadex.org/manga with params {'title': 'Solo Leveling'}
2026-07-03 11:46:50,555 - MangaScraper - ERROR - Attempt 2 failed for https://api.mangadex.org/manga using cloudscraper: 400 Client Error: Bad Request for url: https://api.mangadex.org/manga?title=Solo+Leveling
2026-07-03 11:46:52,557 - MangaScraper - INFO - Fetching JSON: https://api.mangadex.org/manga with params {'title': 'Solo Leveling'}
2026-07-03 11:46:52,789 - MangaScraper - ERROR - Attempt 3 failed for https://api.mangadex.org/manga using cloudscraper: ('Connection aborted.', RemoteDisconnected('Remote end closed connection without response'))
2026-07-03 11:46:56,162 - MangaScraper - ERROR - Attempt 1 failed for https://lek-manga.net/?s=Solo%20Leveling&post_type=wp-manga using cloudscraper: 403 Client Error: Forbidden for url: https://lek-manga.net/?s=Solo%20Leveling&post_type=wp-manga
2026-07-03 11:47:02,431 - MangaScraper - ERROR - Attempt 2 failed for https://lek-manga.net/?s=Solo%20Leveling&post_type=wp-manga using cloudscraper: 403 Client Error: Forbidden for url: https://lek-manga.net/?s=Solo%20Leveling&post_type=wp-manga
2026-07-03 11:47:18,359 - MangaScraper - ERROR - Attempt 3 failed for https://lek-manga.net/?s=Solo%20Leveling&post_type=wp-manga using cloudscraper: 403 Client Error: Forbidden for url: https://lek-manga.net/?s=Solo%20Leveling&post_type=wp-manga
2026-07-03 11:48:00,513 - MangaScraper - INFO - Fetching JSON: https://api.mangadex.org/manga with params {'title': 'Solo Leveling'}
2026-07-03 11:48:05,224 - MangaScraper - ERROR - Attempt 1 failed for https://api.mangadex.org/manga using cloudscraper: 400 Client Error: Bad Request for url: https://api.mangadex.org/manga?title=Solo+Leveling
2026-07-03 11:48:06,225 - MangaScraper - INFO - Fetching JSON: https://api.mangadex.org/manga with params {'title': 'Solo Leveling'}
2026-07-03 11:48:07,213 - MangaScraper - ERROR - Attempt 2 failed for https://api.mangadex.org/manga using cloudscraper: 400 Client Error: Bad Request for url: https://api.mangadex.org/manga?title=Solo+Leveling
2026-07-03 11:48:09,216 - MangaScraper - INFO - Fetching JSON: https://api.mangadex.org/manga with params {'title': 'Solo Leveling'}
2026-07-03 11:48:09,943 - MangaScraper - ERROR - Attempt 3 failed for https://api.mangadex.org/manga using cloudscraper: 400 Client Error: Bad Request for url: https://api.mangadex.org/manga?title=Solo+Leveling
2026-07-03 11:48:16,655 - MangaScraper - ERROR - Attempt 1 failed for https://lek-manga.net/?s=Solo%20Leveling&post_type=wp-manga using cloudscraper: 403 Client Error: Forbidden for url: https://lek-manga.net/?s=Solo%20Leveling&post_type=wp-manga
2026-07-03 11:48:21,224 - MangaScraper - ERROR - Attempt 2 failed for https://lek-manga.net/?s=Solo%20Leveling&post_type=wp-manga using cloudscraper: 403 Client Error: Forbidden for url: https://lek-manga.net/?s=Solo%20Leveling&post_type=wp-manga
2026-07-03 11:48:28,351 - MangaScraper - ERROR - Attempt 3 failed for https://lek-manga.net/?s=Solo%20Leveling&post_type=wp-manga using cloudscraper: 403 Client Error: Forbidden for url: https://lek-manga.net/?s=Solo%20Leveling&post_type=wp-manga
2026-07-03 11:48:45,719 - MangaScraper - INFO - Fetching JSON: https://api.mangadex.org/manga with params {'title': 'Solo Leveling'}
2026-07-03 11:48:49,100 - MangaScraper - ERROR - Attempt 1 failed for https://api.mangadex.org/manga using cloudscraper: 400 Client Error: Bad Request for url: https://api.mangadex.org/manga?title=Solo+Leveling
2026-07-03 11:48:50,102 - MangaScraper - INFO - Fetching JSON: https://api.mangadex.org/manga with params {'title': 'Solo Leveling'}
2026-07-03 11:48:51,109 - MangaScraper - ERROR - Attempt 2 failed for https://api.mangadex.org/manga using cloudscraper: 400 Client Error: Bad Request for url: https://api.mangadex.org/manga?title=Solo+Leveling
2026-07-03 11:48:53,112 - MangaScraper - INFO - Fetching JSON: https://api.mangadex.org/manga with params {'title': 'Solo Leveling'}
2026-07-03 11:48:54,454 - MangaScraper - ERROR - Attempt 3 failed for https://api.mangadex.org/manga using cloudscraper: 400 Client Error: Bad Request for url: https://api.mangadex.org/manga?title=Solo+Leveling
2026-07-03 11:49:16,260 - MangaScraper - ERROR - Attempt 1 failed for https://lek-manga.net/?s=Solo%20Leveling&post_type=wp-manga using cloudscraper: 403 Client Error: Forbidden for url: https://lek-manga.net/?s=Solo%20Leveling&post_type=wp-manga
2026-07-03 11:49:19,458 - MangaScraper - ERROR - Attempt 2 failed for https://lek-manga.net/?s=Solo%20Leveling&post_type=wp-manga using cloudscraper: 403 Client Error: Forbidden for url: https://lek-manga.net/?s=Solo%20Leveling&post_type=wp-manga
2026-07-03 11:49:24,139 - MangaScraper - ERROR - Attempt 3 failed for https://lek-manga.net/?s=Solo%20Leveling&post_type=wp-manga using cloudscraper: 403 Client Error: Forbidden for url: https://lek-manga.net/?s=Solo%20Leveling&post_type=wp-manga
2026-07-03 11:49:26,573 - MangaScraper - INFO - Fetching JSON: https://api.mangadex.org/manga with params {'title': 'Solo Leveling'}
2026-07-03 11:49:30,304 - MangaScraper - ERROR - Attempt 1 failed for https://api.mangadex.org/manga using cloudscraper: 400 Client Error: Bad Request for url: https://api.mangadex.org/manga?title=Solo+Leveling
2026-07-03 11:49:30,305 - MangaScraper - ERROR - Response content: <!doctype html>
<html lang="en">
<head>
  <meta charset="utf-8">
  <meta name="viewport" content="width=device-width, initial-scale=1">
  <title>MangaDex</title>
  <link rel="icon" href="/favicon.svg">
  <style>
    * {
      box-sizing: border-box;
    }

    a {
      color: #ff6740;
      font-weight: bold;
      text-decoration: none;
    }

    html {
      background-color: #242424;
      color: #fff;
      font-family: Poppins, sans-serif;
      height: 100%;
      margin: auto;
      max
2026-07-03 11:49:31,306 - MangaScraper - INFO - Fetching JSON: https://api.mangadex.org/manga with params {'title': 'Solo Leveling'}
2026-07-03 11:49:32,276 - MangaScraper - ERROR - Attempt 2 failed for https://api.mangadex.org/manga using cloudscraper: 400 Client Error: Bad Request for url: https://api.mangadex.org/manga?title=Solo+Leveling
2026-07-03 11:49:32,277 - MangaScraper - ERROR - Response content: <!doctype html>
<html lang="en">
<head>
  <meta charset="utf-8">
  <meta name="viewport" content="width=device-width, initial-scale=1">
  <title>MangaDex</title>
  <link rel="icon" href="/favicon.svg">
  <style>
    * {
      box-sizing: border-box;
    }

    a {
      color: #ff6740;
      font-weight: bold;
      text-decoration: none;
    }

    html {
      background-color: #242424;
      color: #fff;
      font-family: Poppins, sans-serif;
      height: 100%;
      margin: auto;
      max
2026-07-03 11:49:34,279 - MangaScraper - INFO - Fetching JSON: https://api.mangadex.org/manga with params {'title': 'Solo Leveling'}
2026-07-03 11:49:35,343 - MangaScraper - ERROR - Attempt 3 failed for https://api.mangadex.org/manga using cloudscraper: ('Connection aborted.', RemoteDisconnected('Remote end closed connection without response'))
2026-07-03 11:49:46,694 - MangaScraper - ERROR - Attempt 1 failed for https://lek-manga.net/?s=Solo%20Leveling&post_type=wp-manga using cloudscraper: 403 Client Error: Forbidden for url: https://lek-manga.net/?s=Solo%20Leveling&post_type=wp-manga
2026-07-03 11:49:46,694 - MangaScraper - ERROR - Response content: <!DOCTYPE html><html lang="en-US"><head><title>Just a moment...</title><meta http-equiv="Content-Type" content="text/html; charset=UTF-8"><meta http-equiv="X-UA-Compatible" content="IE=Edge"><meta name="robots" content="noindex,nofollow"><meta name="viewport" content="width=device-width,initial-scale=1"><meta http-equiv="content-security-policy" content="default-src &#39;none&#39;; script-src &#39;nonce-x8BjSorINtL94vnHJ8iOLo&#39; &#39;unsafe-eval&#39; https://challenges.cloudflare.com; script-s
2026-07-03 11:49:47,669 - MangaScraper - ERROR - Attempt 1 failed for https://gmanga.me/mangas?search=Solo Leveling using cloudscraper: 403 Client Error: Forbidden for url: https://gmanga.me/mangas?search=Solo%20Leveling
2026-07-03 11:49:49,558 - MangaScraper - ERROR - Attempt 2 failed for https://gmanga.me/mangas?search=Solo Leveling using cloudscraper: 403 Client Error: Forbidden for url: https://gmanga.me/mangas?search=Solo%20Leveling
2026-07-03 11:49:50,459 - MangaScraper - ERROR - Attempt 2 failed for https://lek-manga.net/?s=Solo%20Leveling&post_type=wp-manga using cloudscraper: 403 Client Error: Forbidden for url: https://lek-manga.net/?s=Solo%20Leveling&post_type=wp-manga
2026-07-03 11:49:50,459 - MangaScraper - ERROR - Response content: <!DOCTYPE html><html lang="en-US"><head><title>Just a moment...</title><meta http-equiv="Content-Type" content="text/html; charset=UTF-8"><meta http-equiv="X-UA-Compatible" content="IE=Edge"><meta name="robots" content="noindex,nofollow"><meta name="viewport" content="width=device-width,initial-scale=1"><meta http-equiv="content-security-policy" content="default-src &#39;none&#39;; script-src &#39;nonce-jcqHUsV63PWoQc47TvEKoB&#39; &#39;unsafe-eval&#39; https://challenges.cloudflare.com; script-s
2026-07-03 11:49:52,540 - MangaScraper - ERROR - Attempt 3 failed for https://gmanga.me/mangas?search=Solo Leveling using cloudscraper: 403 Client Error: Forbidden for url: https://gmanga.me/mangas?search=Solo%20Leveling
2026-07-03 11:49:55,803 - MangaScraper - ERROR - Attempt 3 failed for https://lek-manga.net/?s=Solo%20Leveling&post_type=wp-manga using cloudscraper: 403 Client Error: Forbidden for url: https://lek-manga.net/?s=Solo%20Leveling&post_type=wp-manga
2026-07-03 11:49:55,803 - MangaScraper - ERROR - Response content: <!DOCTYPE html><html lang="en-US"><head><title>Just a moment...</title><meta http-equiv="Content-Type" content="text/html; charset=UTF-8"><meta http-equiv="X-UA-Compatible" content="IE=Edge"><meta name="robots" content="noindex,nofollow"><meta name="viewport" content="width=device-width,initial-scale=1"><meta http-equiv="content-security-policy" content="default-src &#39;none&#39;; script-src &#39;nonce-xZnCF7lBmjPVNWAbEewk8h&#39; &#39;unsafe-eval&#39; https://challenges.cloudflare.com; script-s
2026-07-03 11:50:13,732 - MangaScraper - INFO - Fetching (aiohttp): https://api.mangadex.org/manga with kwargs {'params': {'title': 'Solo Leveling', 'limit': 10}}
2026-07-03 11:50:15,437 - MangaScraper - ERROR - Attempt 1 failed for https://gmanga.me/mangas?search=Solo Leveling using cloudscraper: 403 Client Error: Forbidden for url: https://gmanga.me/mangas?search=Solo%20Leveling
2026-07-03 11:50:15,438 - MangaScraper - ERROR - Response content: <!doctype html>
<!--[if lt IE 7]> <html class="no-js ie6 oldie" lang="en-US"> <![endif]-->
<!--[if IE 7]>    <html class="no-js ie7 oldie" lang="en-US"> <![endif]-->
<!--[if IE 8]>    <html class="no-js ie8 oldie" lang="en-US"> <![endif]-->
<!--[if gt IE 8]><!-->
<html class="no-js" lang="en-US">
    <!--<![endif]-->
    <head>
        <title>DNS points to prohibited IP | gmanga.me | Cloudflare</title>
        <meta charset="UTF-8" />
<meta http-equiv="Content-Type" content="text/html; charset=U
2026-07-03 11:50:17,852 - MangaScraper - ERROR - Attempt 2 failed for https://gmanga.me/mangas?search=Solo Leveling using cloudscraper: 403 Client Error: Forbidden for url: https://gmanga.me/mangas?search=Solo%20Leveling
2026-07-03 11:50:17,852 - MangaScraper - ERROR - Response content: <!doctype html>
<!--[if lt IE 7]> <html class="no-js ie6 oldie" lang="en-US"> <![endif]-->
<!--[if IE 7]>    <html class="no-js ie7 oldie" lang="en-US"> <![endif]-->
<!--[if IE 8]>    <html class="no-js ie8 oldie" lang="en-US"> <![endif]-->
<!--[if gt IE 8]><!-->
<html class="no-js" lang="en-US">
    <!--<![endif]-->
    <head>
        <title>DNS points to prohibited IP | gmanga.me | Cloudflare</title>
        <meta charset="UTF-8" />
<meta http-equiv="Content-Type" content="text/html; charset=U
2026-07-03 11:50:18,067 - MangaScraper - ERROR - Attempt 1 failed for https://api.mangadex.org/manga: 400, message='Bad Request', url='https://api.mangadex.org/manga?title=Solo+Leveling&limit=10'
2026-07-03 11:50:19,068 - MangaScraper - INFO - Fetching (aiohttp): https://api.mangadex.org/manga with kwargs {'params': {'title': 'Solo Leveling', 'limit': 10}}
2026-07-03 11:50:22,524 - MangaScraper - ERROR - Attempt 3 failed for https://gmanga.me/mangas?search=Solo Leveling using cloudscraper: 403 Client Error: Forbidden for url: https://gmanga.me/mangas?search=Solo%20Leveling
2026-07-03 11:50:22,524 - MangaScraper - ERROR - Response content: <!doctype html>
<!--[if lt IE 7]> <html class="no-js ie6 oldie" lang="en-US"> <![endif]-->
<!--[if IE 7]>    <html class="no-js ie7 oldie" lang="en-US"> <![endif]-->
<!--[if IE 8]>    <html class="no-js ie8 oldie" lang="en-US"> <![endif]-->
<!--[if gt IE 8]><!-->
<html class="no-js" lang="en-US">
    <!--<![endif]-->
    <head>
        <title>DNS points to prohibited IP | gmanga.me | Cloudflare</title>
        <meta charset="UTF-8" />
<meta http-equiv="Content-Type" content="text/html; charset=U
2026-07-03 11:50:49,383 - MangaScraper - ERROR - Attempt 2 failed for https://api.mangadex.org/manga: 
2026-07-03 11:50:51,386 - MangaScraper - INFO - Fetching (aiohttp): https://api.mangadex.org/manga with kwargs {'params': {'title': 'Solo Leveling', 'limit': 10}}
2026-07-03 11:50:55,411 - MangaScraper - ERROR - Attempt 3 failed for https://api.mangadex.org/manga: 400, message='Bad Request', url='https://api.mangadex.org/manga?title=Solo+Leveling&limit=10'
2026-07-03 11:51:02,452 - MangaScraper - ERROR - Attempt 1 failed for https://lek-manga.net/?s=Solo%20Leveling&post_type=wp-manga using cloudscraper: 403 Client Error: Forbidden for url: https://lek-manga.net/?s=Solo%20Leveling&post_type=wp-manga
2026-07-03 11:51:02,452 - MangaScraper - ERROR - Response content: <!DOCTYPE html><html lang="en-US"><head><title>Just a moment...</title><meta http-equiv="Content-Type" content="text/html; charset=UTF-8"><meta http-equiv="X-UA-Compatible" content="IE=Edge"><meta name="robots" content="noindex,nofollow"><meta name="viewport" content="width=device-width,initial-scale=1"><meta http-equiv="content-security-policy" content="default-src &#39;none&#39;; script-src &#39;nonce-HVYRWqseRO57gQRmVQd79g&#39; &#39;unsafe-eval&#39; https://challenges.cloudflare.com; script-s
2026-07-03 11:51:08,305 - MangaScraper - ERROR - Attempt 2 failed for https://lek-manga.net/?s=Solo%20Leveling&post_type=wp-manga using cloudscraper: 403 Client Error: Forbidden for url: https://lek-manga.net/?s=Solo%20Leveling&post_type=wp-manga
2026-07-03 11:51:08,305 - MangaScraper - ERROR - Response content: <!DOCTYPE html><html lang="en-US"><head><title>Just a moment...</title><meta http-equiv="Content-Type" content="text/html; charset=UTF-8"><meta http-equiv="X-UA-Compatible" content="IE=Edge"><meta name="robots" content="noindex,nofollow"><meta name="viewport" content="width=device-width,initial-scale=1"><meta http-equiv="content-security-policy" content="default-src &#39;none&#39;; script-src &#39;nonce-AmQ4hmTQNG45rw4XjpZct4&#39; &#39;unsafe-eval&#39; https://challenges.cloudflare.com; script-s
2026-07-03 11:51:16,791 - MangaScraper - ERROR - Attempt 3 failed for https://lek-manga.net/?s=Solo%20Leveling&post_type=wp-manga using cloudscraper: 403 Client Error: Forbidden for url: https://lek-manga.net/?s=Solo%20Leveling&post_type=wp-manga
2026-07-03 11:51:16,792 - MangaScraper - ERROR - Response content: <!DOCTYPE html><html lang="en-US"><head><title>Just a moment...</title><meta http-equiv="Content-Type" content="text/html; charset=UTF-8"><meta http-equiv="X-UA-Compatible" content="IE=Edge"><meta name="robots" content="noindex,nofollow"><meta name="viewport" content="width=device-width,initial-scale=1"><meta http-equiv="content-security-policy" content="default-src &#39;none&#39;; script-src &#39;nonce-MvtjJQhfMvAwg1zc52gxPA&#39; &#39;unsafe-eval&#39; https://challenges.cloudflare.com; script-s
2026-07-03 11:51:44,918 - MangaScraper - ERROR - Attempt 1 failed for https://gmanga.me/mangas?search=Solo Leveling using cloudscraper: 403 Client Error: Forbidden for url: https://gmanga.me/mangas?search=Solo%20Leveling
2026-07-03 11:51:44,918 - MangaScraper - ERROR - Response content: <!doctype html>
<!--[if lt IE 7]> <html class="no-js ie6 oldie" lang="en-US"> <![endif]-->
<!--[if IE 7]>    <html class="no-js ie7 oldie" lang="en-US"> <![endif]-->
<!--[if IE 8]>    <html class="no-js ie8 oldie" lang="en-US"> <![endif]-->
<!--[if gt IE 8]><!-->
<html class="no-js" lang="en-US">
    <!--<![endif]-->
    <head>
        <title>DNS points to prohibited IP | gmanga.me | Cloudflare</title>
        <meta charset="UTF-8" />
<meta http-equiv="Content-Type" content="text/html; charset=U
2026-07-03 11:51:46,688 - MangaScraper - ERROR - Attempt 2 failed for https://gmanga.me/mangas?search=Solo Leveling using cloudscraper: 403 Client Error: Forbidden for url: https://gmanga.me/mangas?search=Solo%20Leveling
2026-07-03 11:51:46,688 - MangaScraper - ERROR - Response content: <!doctype html>
<!--[if lt IE 7]> <html class="no-js ie6 oldie" lang="en-US"> <![endif]-->
<!--[if IE 7]>    <html class="no-js ie7 oldie" lang="en-US"> <![endif]-->
<!--[if IE 8]>    <html class="no-js ie8 oldie" lang="en-US"> <![endif]-->
<!--[if gt IE 8]><!-->
<html class="no-js" lang="en-US">
    <!--<![endif]-->
    <head>
        <title>DNS points to prohibited IP | gmanga.me | Cloudflare</title>
        <meta charset="UTF-8" />
<meta http-equiv="Content-Type" content="text/html; charset=U
2026-07-03 11:51:48,274 - MangaScraper - ERROR - Attempt 1 failed for https://lek-manga.net/?s=Solo%20Leveling&post_type=wp-manga using cloudscraper: 403 Client Error: Forbidden for url: https://lek-manga.net/?s=Solo%20Leveling&post_type=wp-manga
2026-07-03 11:51:48,274 - MangaScraper - ERROR - Response content: <!DOCTYPE html><html lang="en-US"><head><title>Just a moment...</title><meta http-equiv="Content-Type" content="text/html; charset=UTF-8"><meta http-equiv="X-UA-Compatible" content="IE=Edge"><meta name="robots" content="noindex,nofollow"><meta name="viewport" content="width=device-width,initial-scale=1"><meta http-equiv="content-security-policy" content="default-src &#39;none&#39;; script-src &#39;nonce-R37Xk5Xo695jTmn33oRjjd&#39; &#39;unsafe-eval&#39; https://challenges.cloudflare.com; script-s
2026-07-03 11:51:50,750 - MangaScraper - ERROR - Attempt 3 failed for https://gmanga.me/mangas?search=Solo Leveling using cloudscraper: 403 Client Error: Forbidden for url: https://gmanga.me/mangas?search=Solo%20Leveling
2026-07-03 11:51:50,750 - MangaScraper - ERROR - Response content: <!doctype html>
<!--[if lt IE 7]> <html class="no-js ie6 oldie" lang="en-US"> <![endif]-->
<!--[if IE 7]>    <html class="no-js ie7 oldie" lang="en-US"> <![endif]-->
<!--[if IE 8]>    <html class="no-js ie8 oldie" lang="en-US"> <![endif]-->
<!--[if gt IE 8]><!-->
<html class="no-js" lang="en-US">
    <!--<![endif]-->
    <head>
        <title>DNS points to prohibited IP | gmanga.me | Cloudflare</title>
        <meta charset="UTF-8" />
<meta http-equiv="Content-Type" content="text/html; charset=U
2026-07-03 11:51:55,171 - MangaScraper - ERROR - Attempt 2 failed for https://lek-manga.net/?s=Solo%20Leveling&post_type=wp-manga using cloudscraper: 403 Client Error: Forbidden for url: https://lek-manga.net/?s=Solo%20Leveling&post_type=wp-manga
2026-07-03 11:51:55,171 - MangaScraper - ERROR - Response content: <!DOCTYPE html><html lang="en-US"><head><title>Just a moment...</title><meta http-equiv="Content-Type" content="text/html; charset=UTF-8"><meta http-equiv="X-UA-Compatible" content="IE=Edge"><meta name="robots" content="noindex,nofollow"><meta name="viewport" content="width=device-width,initial-scale=1"><meta http-equiv="content-security-policy" content="default-src &#39;none&#39;; script-src &#39;nonce-ANyPYpcqQC7XJ1PLwbjcNU&#39; &#39;unsafe-eval&#39; https://challenges.cloudflare.com; script-s
2026-07-03 11:52:04,000 - MangaScraper - ERROR - Attempt 3 failed for https://lek-manga.net/?s=Solo%20Leveling&post_type=wp-manga using cloudscraper: 403 Client Error: Forbidden for url: https://lek-manga.net/?s=Solo%20Leveling&post_type=wp-manga
2026-07-03 11:52:04,000 - MangaScraper - ERROR - Response content: <!DOCTYPE html><html lang="en-US"><head><title>Just a moment...</title><meta http-equiv="Content-Type" content="text/html; charset=UTF-8"><meta http-equiv="X-UA-Compatible" content="IE=Edge"><meta name="robots" content="noindex,nofollow"><meta name="viewport" content="width=device-width,initial-scale=1"><meta http-equiv="content-security-policy" content="default-src &#39;none&#39;; script-src &#39;nonce-Y8ug5UszFy1xEnYKCcdmHA&#39; &#39;unsafe-eval&#39; https://challenges.cloudflare.com; script-s
2026-07-03 11:52:34,830 - MangaScraper - INFO - Search page for MangaArab seems empty or blocked. Trying alternative...
2026-07-03 11:52:38,625 - MangaScraper - ERROR - Attempt 1 failed for https://lek-manga.net/?s=Solo%20Leveling&post_type=wp-manga using cloudscraper: 403 Client Error: Forbidden for url: https://lek-manga.net/?s=Solo%20Leveling&post_type=wp-manga
2026-07-03 11:52:38,625 - MangaScraper - ERROR - Response content: <!DOCTYPE html><html lang="en-US"><head><title>Just a moment...</title><meta http-equiv="Content-Type" content="text/html; charset=UTF-8"><meta http-equiv="X-UA-Compatible" content="IE=Edge"><meta name="robots" content="noindex,nofollow"><meta name="viewport" content="width=device-width,initial-scale=1"><meta http-equiv="content-security-policy" content="default-src &#39;none&#39;; script-src &#39;nonce-P6IFLl2pRmHrZMKEXF9Q8d&#39; &#39;unsafe-eval&#39; https://challenges.cloudflare.com; script-s
2026-07-03 11:52:41,925 - MangaScraper - ERROR - Attempt 2 failed for https://lek-manga.net/?s=Solo%20Leveling&post_type=wp-manga using cloudscraper: 403 Client Error: Forbidden for url: https://lek-manga.net/?s=Solo%20Leveling&post_type=wp-manga
2026-07-03 11:52:41,925 - MangaScraper - ERROR - Response content: <!DOCTYPE html><html lang="en-US"><head><title>Just a moment...</title><meta http-equiv="Content-Type" content="text/html; charset=UTF-8"><meta http-equiv="X-UA-Compatible" content="IE=Edge"><meta name="robots" content="noindex,nofollow"><meta name="viewport" content="width=device-width,initial-scale=1"><meta http-equiv="content-security-policy" content="default-src &#39;none&#39;; script-src &#39;nonce-R1n0cJgqGjtDE3DAzh6ERn&#39; &#39;unsafe-eval&#39; https://challenges.cloudflare.com; script-s
2026-07-03 11:52:46,956 - MangaScraper - ERROR - Attempt 3 failed for https://lek-manga.net/?s=Solo%20Leveling&post_type=wp-manga using cloudscraper: 403 Client Error: Forbidden for url: https://lek-manga.net/?s=Solo%20Leveling&post_type=wp-manga
2026-07-03 11:52:46,956 - MangaScraper - ERROR - Response content: <!DOCTYPE html><html lang="en-US"><head><title>Just a moment...</title><meta http-equiv="Content-Type" content="text/html; charset=UTF-8"><meta http-equiv="X-UA-Compatible" content="IE=Edge"><meta name="robots" content="noindex,nofollow"><meta name="viewport" content="width=device-width,initial-scale=1"><meta http-equiv="content-security-policy" content="default-src &#39;none&#39;; script-src &#39;nonce-V9Wsmz1RuBOVzF4XoMvJaU&#39; &#39;unsafe-eval&#39; https://challenges.cloudflare.com; script-s
2026-07-03 11:52:46,956 - MangaScraper - INFO - Search page for MangaLek seems empty or blocked. Trying alternative...
2026-07-03 11:52:49,271 - MangaScraper - ERROR - Attempt 1 failed for https://lek-manga.net/?s=Solo%20Leveling using cloudscraper: 403 Client Error: Forbidden for url: https://lek-manga.net/?s=Solo%20Leveling
2026-07-03 11:52:49,271 - MangaScraper - ERROR - Response content: <!DOCTYPE html><html lang="en-US"><head><title>Just a moment...</title><meta http-equiv="Content-Type" content="text/html; charset=UTF-8"><meta http-equiv="X-UA-Compatible" content="IE=Edge"><meta name="robots" content="noindex,nofollow"><meta name="viewport" content="width=device-width,initial-scale=1"><meta http-equiv="content-security-policy" content="default-src &#39;none&#39;; script-src &#39;nonce-KISJhA24M4opgT0m3ONtca&#39; &#39;unsafe-eval&#39; https://challenges.cloudflare.com; script-s
2026-07-03 11:52:53,345 - MangaScraper - ERROR - Attempt 2 failed for https://lek-manga.net/?s=Solo%20Leveling using cloudscraper: 403 Client Error: Forbidden for url: https://lek-manga.net/?s=Solo%20Leveling
2026-07-03 11:52:53,345 - MangaScraper - ERROR - Response content: <!DOCTYPE html><html lang="en-US"><head><title>Just a moment...</title><meta http-equiv="Content-Type" content="text/html; charset=UTF-8"><meta http-equiv="X-UA-Compatible" content="IE=Edge"><meta name="robots" content="noindex,nofollow"><meta name="viewport" content="width=device-width,initial-scale=1"><meta http-equiv="content-security-policy" content="default-src &#39;none&#39;; script-src &#39;nonce-7P8IKNANYRE1peUtLGyvmz&#39; &#39;unsafe-eval&#39; https://challenges.cloudflare.com; script-s
2026-07-03 11:52:59,027 - MangaScraper - ERROR - Attempt 3 failed for https://lek-manga.net/?s=Solo%20Leveling using cloudscraper: 403 Client Error: Forbidden for url: https://lek-manga.net/?s=Solo%20Leveling
2026-07-03 11:52:59,028 - MangaScraper - ERROR - Response content: <!DOCTYPE html><html lang="en-US"><head><title>Just a moment...</title><meta http-equiv="Content-Type" content="text/html; charset=UTF-8"><meta http-equiv="X-UA-Compatible" content="IE=Edge"><meta name="robots" content="noindex,nofollow"><meta name="viewport" content="width=device-width,initial-scale=1"><meta http-equiv="content-security-policy" content="default-src &#39;none&#39;; script-src &#39;nonce-Y6efO5igLiURLMGHsVbDtP&#39; &#39;unsafe-eval&#39; https://challenges.cloudflare.com; script-s
2026-07-03 11:53:05,999 - MangaScraper - INFO - Search page for Asura seems empty or blocked. Trying alternative...
2026-07-03 11:53:16,123 - MangaScraper - INFO - Search page for SwatManga seems empty or blocked. Trying alternative...
2026-07-03 11:53:46,134 - MangaScraper - ERROR - Attempt 1 failed for https://swatmanga.me/?s=Solo%20Leveling using cloudscraper: HTTPSConnectionPool(host='swatmanga.me', port=443): Read timed out. (read timeout=30)
2026-07-03 11:53:53,167 - MangaScraper - INFO - Search page for MoonManga seems empty or blocked. Trying alternative...
